0 info it worked if it ends with ok
1 verbose cli [ '/usr/local/bin/node', '/usr/local/bin/npm', 'start' ]
2 info using npm@3.3.10
3 info using node@v5.0.0
4 verbose run-script [ 'prestart', 'start', 'poststart' ]
5 info lifecycle Appname@~prestart: Appname@
6 silly lifecycle Appname@~prestart: no script for prestart, continuing
7 info lifecycle Appname@~start: Appname@
8 verbose lifecycle Appname@~start: unsafe-perm in lifecycle true
9 verbose lifecycle Appname@~start: PATH: /usr/local/lib/node_modules/npm/bin/node-gyp-bin:/Users/timothyvoice/code/falsebinary/node_modules/.bin:/Users/timothyvoice/.rvm/gems/ruby-2.2.0/bin:/Users/timothyvoice/.rvm/gems/ruby-2.2.0@global/bin:/Users/timothyvoice/.rvm/rubies/ruby-2.2.0/bin:/usr/local/bin:/usr/bin:/bin:/usr/sbin:/sbin:/usr/local/MacGPG2/bin:/Users/timothyvoice/.rvm/bin
10 verbose lifecycle Appname@~start: CWD: /Users/timothyvoice/code/falsebinary
11 silly lifecycle Appname@~start: Args: [ '-c',
11 silly lifecycle   'meteor -p 8000 --settings imports/startup/server/development/settings.json' ]
12 silly lifecycle Appname@~start: Returned: code: 8  signal: null
13 info lifecycle Appname@~start: Failed to exec start script
14 verbose stack Error: Appname@ start: `meteor -p 8000 --settings imports/startup/server/development/settings.json`
14 verbose stack Exit status 8
14 verbose stack     at EventEmitter.<anonymous> (/usr/local/lib/node_modules/npm/lib/utils/lifecycle.js:232:16)
14 verbose stack     at emitTwo (events.js:87:13)
14 verbose stack     at EventEmitter.emit (events.js:172:7)
14 verbose stack     at ChildProcess.<anonymous> (/usr/local/lib/node_modules/npm/lib/utils/spawn.js:24:14)
14 verbose stack     at emitTwo (events.js:87:13)
14 verbose stack     at ChildProcess.emit (events.js:172:7)
14 verbose stack     at maybeClose (internal/child_process.js:818:16)
14 verbose stack     at Process.ChildProcess._handle.onexit (internal/child_process.js:211:5)
15 verbose pkgid Appname@
16 verbose cwd /Users/timothyvoice/code/falsebinary
17 error Darwin 15.3.0
18 error argv "/usr/local/bin/node" "/usr/local/bin/npm" "start"
19 error node v5.0.0
20 error npm  v3.3.10
21 error code ELIFECYCLE
22 error Appname@ start: `meteor -p 8000 --settings imports/startup/server/development/settings.json`
22 error Exit status 8
23 error Failed at the Appname@ start script 'meteor -p 8000 --settings imports/startup/server/development/settings.json'.
23 error Make sure you have the latest version of node.js and npm installed.
23 error If you do, this is most likely a problem with the Appname package,
23 error not with npm itself.
23 error Tell the author that this fails on your system:
23 error     meteor -p 8000 --settings imports/startup/server/development/settings.json
23 error You can get their info via:
23 error     npm owner ls Appname
23 error There is likely additional logging output above.
24 verbose exit [ 1, true ]
